<?xml version="1.0" encoding="UTF-8"?>
<!-- Generated by org.testng.reporters.JUnitReportReporter -->
<testsuite hostname="DESKTOP-H7BOP2P" failures="0" tests="1" name="tests.loginTest" time="7.648" errors="0" timestamp="2025-08-01T14:24:26 IST" skipped="0">
  <testcase classname="tests.loginTest" name="validLogin" time="7.648"/>
</testsuite> <!-- tests.loginTest -->
