<?xml version="1.0" encoding="UTF-8"?>
<!-- Generated by org.testng.reporters.JUnitReportReporter -->
<testsuite hostname="DESKTOP-H7BOP2P" failures="0" tests="1" name="tests.loginTest2" time="7.999" errors="0" timestamp="2025-08-01T14:24:26 IST" skipped="0">
  <testcase classname="tests.loginTest2" name="invalidLogin" time="7.999"/>
</testsuite> <!-- tests.loginTest2 -->
