<?xml version="1.0" encoding="UTF-8"?>
<!-- Generated by org.testng.reporters.JUnitReportReporter -->
<testsuite hostname="DESKTOP-H7BOP2P" failures="0" tests="1" name="tests.firstTest" time="0.013" errors="0" timestamp="2025-07-31T18:46:35 IST" skipped="0">
  <testcase classname="tests.firstTest" name="test1" time="0.013"/>
</testsuite> <!-- tests.firstTest -->
